<?xml version="1.0" encoding="UTF-8"?>
<testsuite xmlns:xsi="http://www.w3.org/2001/XMLSchema-instance" xsi:noNamespaceSchemaLocation="https://maven.apache.org/surefire/maven-surefire-plugin/xsd/surefire-test-report-3.0.xsd" version="3.0" name="com.napier.sem.CountryTest" time="0.076" tests="19" errors="0" skipped="0" failures="0">
  <properties>
[...]
</properties>
  <testcase name="topNPopulatedCountriesContinent_NullConTest" classname="com.napier.sem.CountryTest" time="0.012">
    <system-out><![CDATA[Connection is null.
]]></system-out>
  </testcase>
  <testcase name="topNPopulatedCountriesContinent_NotNullTest" classname="com.napier.sem.CountryTest" time="0.001">
    <system-out><![CDATA[Connection is null.
]]></system-out>
  </testcase>
  <testcase name="countryRegionDescending_NullRegionTest" classname="com.napier.sem.CountryTest" time="0.002">
    <system-out><![CDATA[Region is null.
]]></system-out>
  </testcase>
  <testcase name="topNPopulatedCountriesContinent_NullContinentTest" classname="com.napier.sem.CountryTest" time="0.0">
    <system-out><![CDATA[Continent name is null.
]]></system-out>
  </testcase>
  <testcase name="getTopNPopulatedCountries_NegativeNTest" classname="com.napier.sem.CountryTest" time="0.001">
    <system-out><![CDATA[N Cannot be negative
Connection is null.
]]></system-out>
  </testcase>
  <testcase name="getTopNPopulatedCountries_NullConTest" classname="com.napier.sem.CountryTest" time="0.001">
    <system-out><![CDATA[Connection is null.
]]></system-out>
  </testcase>
  <testcase name="getTopNPopulatedCountries_NotNullTest" classname="com.napier.sem.CountryTest" time="0.002">
    <system-out><![CDATA[Connection is null.
]]></system-out>
  </testcase>
  <testcase name="countryRegionDescending_NullConTest" classname="com.napier.sem.CountryTest" time="0.002">
    <system-out><![CDATA[Connection is null.
]]></system-out>
  </testcase>
  <testcase name="countryRegionDescending_NotNullTest" classname="com.napier.sem.CountryTest" time="0.0">
    <system-out><![CDATA[Connection is null.
]]></system-out>
  </testcase>
  <testcase name="DisplayCountries_NullTest" classname="com.napier.sem.CountryTest" time="0.001">
    <system-out><![CDATA[ResultSet is null.
]]></system-out>
  </testcase>
  <testcase name="getCountryDescending_NullConTest" classname="com.napier.sem.CountryTest" time="0.002">
    <system-out><![CDATA[Connection is null.
]]></system-out>
  </testcase>
  <testcase name="getTopRegionDescending_NegativeNTest" classname="com.napier.sem.CountryTest" time="0.002">
    <system-out><![CDATA[N Cannot be negative
Connection is null.
]]></system-out>
  </testcase>
  <testcase name="getCountryDescending_NotNullTest" classname="com.napier.sem.CountryTest" time="0.002">
    <system-out><![CDATA[Connection is null.
]]></system-out>
  </testcase>
  <testcase name="getTopRegionDescending_NullTest" classname="com.napier.sem.CountryTest" time="0.002">
    <system-out><![CDATA[Connection is null.
]]></system-out>
  </testcase>
  <testcase name="getContinentDescending_NullConTest" classname="com.napier.sem.CountryTest" time="0.002">
    <system-out><![CDATA[Connection is null.
]]></system-out>
  </testcase>
  <testcase name="getContinentDescending_NotNullTest" classname="com.napier.sem.CountryTest" time="0.001">
    <system-out><![CDATA[Connection is null.
]]></system-out>
  </testcase>
  <testcase name="getTopRegionDescending_NullConTest" classname="com.napier.sem.CountryTest" time="0.001">
    <system-out><![CDATA[Connection is null.
]]></system-out>
  </testcase>
  <testcase name="getTopRegionDescending_NotNullTest" classname="com.napier.sem.CountryTest" time="0.001">
    <system-out><![CDATA[Connection is null.
]]></system-out>
  </testcase>
  <testcase name="getContinentDescending_NullContinentTest" classname="com.napier.sem.CountryTest" time="0.001">
    <system-out><![CDATA[Continent name is null.
]]></system-out>
  </testcase>
</testsuite>