<?xml version="1.0" encoding="UTF-8"?>
<testsuite xmlns:xsi="http://www.w3.org/2001/XMLSchema-instance" xsi:noNamespaceSchemaLocation="https://maven.apache.org/surefire/maven-surefire-plugin/xsd/surefire-test-report-3.0.xsd" version="3.0" name="com.napier.sem.PopulationTest" time="0.044" tests="24" errors="0" skipped="0" failures="0">
  <properties>
[...]
</properties>
  <testcase name="getContinentPopulations_NullConTest" classname="com.napier.sem.PopulationTest" time="0.002">
    <system-out><![CDATA[Connection is null.
Failed to get population details
]]></system-out>
  </testcase>
  <testcase name="getCityPopulation_NullTest" classname="com.napier.sem.PopulationTest" time="0.001">
    <system-out><![CDATA[Country name is null.
]]></system-out>
  </testcase>
  <testcase name="getContinentPopulations_NotNullTest" classname="com.napier.sem.PopulationTest" time="0">
    <system-out><![CDATA[Connection is null.
Failed to get population details
]]></system-out>
  </testcase>
  <testcase name="getCityPopulationAll_NullConTest" classname="com.napier.sem.PopulationTest" time="0.001">
    <system-out><![CDATA[Connection is null.
Failed to get population details
]]></system-out>
  </testcase>
  <testcase name="getCityPopulationAll_NotNullTest" classname="com.napier.sem.PopulationTest" time="0.001">
    <system-out><![CDATA[Connection is null.
Failed to get population details
]]></system-out>
  </testcase>
  <testcase name="getContinentPopulations_NullTest" classname="com.napier.sem.PopulationTest" time="0.001">
    <system-out><![CDATA[Continent name is null.
]]></system-out>
  </testcase>
  <testcase name="getWorldPopulation_NullConTest" classname="com.napier.sem.PopulationTest" time="0.001">
    <system-out><![CDATA[Connection is null.
Failed to get population details
]]></system-out>
  </testcase>
  <testcase name="getWorldPopulation_NotNullTest" classname="com.napier.sem.PopulationTest" time="0.001">
    <system-out><![CDATA[Connection is null.
Failed to get population details
]]></system-out>
  </testcase>
  <testcase name="getDistrictPopulation_NullConTest" classname="com.napier.sem.PopulationTest" time="0.001">
    <system-out><![CDATA[Connection is null.
Failed to get population details
]]></system-out>
  </testcase>
  <testcase name="getDistrictPopulation_NotNullTest" classname="com.napier.sem.PopulationTest" time="0.001">
    <system-out><![CDATA[Connection is null.
Failed to get population details
]]></system-out>
  </testcase>
  <testcase name="getRegionPopulations_normalDataTest" classname="com.napier.sem.PopulationTest" time="0">
    <system-out><![CDATA[Connection is null.
Failed to get population details
]]></system-out>
  </testcase>
  <testcase name="getDistrictPopulation_NullTest" classname="com.napier.sem.PopulationTest" time="0.001">
    <system-out><![CDATA[District name is null.
]]></system-out>
  </testcase>
  <testcase name="getAllRegionPopulations_NullConTest" classname="com.napier.sem.PopulationTest" time="0">
    <system-out><![CDATA[Connection is null.
Failed to get population details
]]></system-out>
  </testcase>
  <testcase name="getAllRegionPopulations_NotNullTest" classname="com.napier.sem.PopulationTest" time="0">
    <system-out><![CDATA[Connection is null.
Failed to get population details
]]></system-out>
  </testcase>
  <testcase name="getRegionPopulations_NullConTest" classname="com.napier.sem.PopulationTest" time="0.001">
    <system-out><![CDATA[Connection is null.
Failed to get population details
]]></system-out>
  </testcase>
  <testcase name="getCityPopulation_NullConTest" classname="com.napier.sem.PopulationTest" time="0.001">
    <system-out><![CDATA[Connection is null.
Failed to get population details
]]></system-out>
  </testcase>
  <testcase name="getCountryPopulation_NullTest" classname="com.napier.sem.PopulationTest" time="0.001">
    <system-out><![CDATA[Country name is null.
]]></system-out>
  </testcase>
  <testcase name="getRegionPopulations_NotNullTest" classname="com.napier.sem.PopulationTest" time="0">
    <system-out><![CDATA[District name is null.
]]></system-out>
  </testcase>
  <testcase name="getCityPopulation_NotNullTest" classname="com.napier.sem.PopulationTest" time="0.001">
    <system-out><![CDATA[Connection is null.
Failed to get population details
]]></system-out>
  </testcase>
  <testcase name="getCountryPopulation_NullConTest" classname="com.napier.sem.PopulationTest" time="0">
    <system-out><![CDATA[Connection is null.
Failed to get population details
]]></system-out>
  </testcase>
  <testcase name="getContinentCityPopulations_NullConTest" classname="com.napier.sem.PopulationTest" time="0.002">
    <system-out><![CDATA[Connection is null.
Failed to get population details
]]></system-out>
  </testcase>
  <testcase name="displayPopulations_NullTest" classname="com.napier.sem.PopulationTest" time="0.001">
    <system-out><![CDATA[ResultSet is null.
ResultSet is null
]]></system-out>
  </testcase>
  <testcase name="getCountryPopulation_NotNullTest" classname="com.napier.sem.PopulationTest" time="0">
    <system-out><![CDATA[Connection is null.
Failed to get population details
]]></system-out>
  </testcase>
  <testcase name="getContinentCityPopulations_NotNullTest" classname="com.napier.sem.PopulationTest" time="0">
    <system-out><![CDATA[Connection is null.
Failed to get population details
]]></system-out>
  </testcase>
</testsuite>